\BOOKMARK [0][]{chapter*.2}{\315ndice de figuras}{}% 1
\BOOKMARK [0][]{chapter*.3}{\315ndice de tablas}{}% 2
\BOOKMARK [0][]{chapter*.4}{Glosario de t\351rminos y acr\363nimos}{}% 3
\BOOKMARK [0][]{chapter.1}{1 Introducci\363n}{}% 4
\BOOKMARK [1][]{section.1.1}{1.1 Motivaci\363n}{chapter.1}% 5
\BOOKMARK [1][]{section.1.2}{1.2 Contexto}{chapter.1}% 6
\BOOKMARK [1][]{section.1.3}{1.3 Objetivos y preguntas de investigaci\363n}{chapter.1}% 7
\BOOKMARK [1][]{section.1.4}{1.4 Estrategia de investigaci\363n}{chapter.1}% 8
\BOOKMARK [0][]{chapter.2}{2 Estado del Arte}{}% 9
\BOOKMARK [1][]{section.2.1}{2.1 Preguntas de investigaci\363n del SMS}{chapter.2}% 10
\BOOKMARK [1][]{section.2.2}{2.2 Metodolog\355a}{chapter.2}% 11
\BOOKMARK [2][]{subsection.2.2.1}{2.2.1 Criterios de selecci\363n}{section.2.2}% 12
\BOOKMARK [2][]{subsection.2.2.2}{2.2.2 Esquema para la extracci\363n de datos}{section.2.2}% 13
\BOOKMARK [2][]{subsection.2.2.3}{2.2.3 Visualizaci\363n y an\341lisis de los datos}{section.2.2}% 14
\BOOKMARK [1][]{section.2.3}{2.3 Resultados}{chapter.2}% 15
\BOOKMARK [2][]{subsection.2.3.1}{2.3.1 Localizaci\363n de la literatura}{section.2.3}% 16
\BOOKMARK [2][]{subsection.2.3.2}{2.3.2 Extracci\363n de datos}{section.2.3}% 17
\BOOKMARK [2][]{subsection.2.3.3}{2.3.3 Categorizaci\363n del estudio}{section.2.3}% 18
\BOOKMARK [2][]{subsection.2.3.4}{2.3.4 Esquema de clasificaci\363n}{section.2.3}% 19
\BOOKMARK [1][]{section.2.4}{2.4 Respuestas a las preguntas de investigaci\363n}{chapter.2}% 20
\BOOKMARK [1][]{section.2.5}{2.5 Conclusiones}{chapter.2}% 21
\BOOKMARK [0][]{chapter.3}{3 Resumen de problemas encontrados}{}% 22
\BOOKMARK [1][]{section.3.1}{3.1 Problemas encontrados}{chapter.3}% 23
\BOOKMARK [2][]{subsection.3.1.1}{3.1.1 Evaluaci\363n asistida}{section.3.1}% 24
\BOOKMARK [2][]{subsection.3.1.2}{3.1.2 Evaluaci\363n semiautom\341tica}{section.3.1}% 25
\BOOKMARK [1][]{section.3.2}{3.2 Requisitos}{chapter.3}% 26
\BOOKMARK [0][]{chapter.4}{4 M\351todo para la evaluaci\363n de competencias gen\351ricas}{}% 27
\BOOKMARK [1][]{section.4.1}{4.1 Introducci\363n}{chapter.4}% 28
\BOOKMARK [1][]{section.4.2}{4.2 M\351todo: design-based assessment \(DBA\)}{chapter.4}% 29
\BOOKMARK [2][]{subsection.4.2.1}{4.2.1 Contexto}{section.4.2}% 30
\BOOKMARK [2][]{subsection.4.2.2}{4.2.2 Descripci\363n del m\351todo}{section.4.2}% 31
\BOOKMARK [1][]{section.4.3}{4.3 Caracter\355sticas, requisitos y herramienta}{chapter.4}% 32
\BOOKMARK [2][]{subsection.4.3.1}{4.3.1 Caracter\355sticas}{section.4.3}% 33
\BOOKMARK [2][]{subsection.4.3.2}{4.3.2 Requisitos}{section.4.3}% 34
\BOOKMARK [2][]{subsection.4.3.3}{4.3.3 Herramienta}{section.4.3}% 35
\BOOKMARK [0][]{chapter.5}{5 Resultados de la investigaci\363n}{}% 36
\BOOKMARK [1][]{section.5.1}{5.1 Introducci\363n}{chapter.5}% 37
\BOOKMARK [1][]{section.5.2}{5.2 Antecedentes}{chapter.5}% 38
\BOOKMARK [2][]{subsection.5.2.1}{5.2.1 Desarrollo}{section.5.2}% 39
\BOOKMARK [2][]{subsection.5.2.2}{5.2.2 AssessMediaWiki \(AMW\)}{section.5.2}% 40
\BOOKMARK [1][]{section.5.3}{5.3 Lenguajes de dominio}{chapter.5}% 41
\BOOKMARK [2][]{subsection.5.3.1}{5.3.1 EvalCourse y SASQL}{section.5.3}% 42
\BOOKMARK [2][]{subsection.5.3.2}{5.3.2 EvalSim y VWQL}{section.5.3}% 43
\BOOKMARK [1][]{section.5.4}{5.4 Estudios de caso}{chapter.5}% 44
\BOOKMARK [2][]{subsection.5.4.1}{5.4.1 Estudio de caso CS01}{section.5.4}% 45
\BOOKMARK [2][]{subsection.5.4.2}{5.4.2 Estudio de caso CS02}{section.5.4}% 46
\BOOKMARK [2][]{subsection.5.4.3}{5.4.3 Estudio de caso CS03}{section.5.4}% 47
\BOOKMARK [2][]{subsection.5.4.4}{5.4.4 Estudio de caso CS04}{section.5.4}% 48
\BOOKMARK [2][]{subsection.5.4.5}{5.4.5 Estudio de caso CS05}{section.5.4}% 49
\BOOKMARK [2][]{subsection.5.4.6}{5.4.6 Estudio de caso CS06}{section.5.4}% 50
\BOOKMARK [1][]{section.5.5}{5.5 Cuestionarios de evaluaci\363n}{chapter.5}% 51
\BOOKMARK [2][]{subsection.5.5.1}{5.5.1 Objetivo}{section.5.5}% 52
\BOOKMARK [2][]{subsection.5.5.2}{5.5.2 Distribuci\363n}{section.5.5}% 53
\BOOKMARK [2][]{subsection.5.5.3}{5.5.3 Resultados del cuestionario del m\351todo y el DSL}{section.5.5}% 54
\BOOKMARK [2][]{subsection.5.5.4}{5.5.4 Resultados del cuestionario de indicadores}{section.5.5}% 55
\BOOKMARK [2][]{subsection.5.5.5}{5.5.5 Resultados de la encuesta complementaria de indicadores}{section.5.5}% 56
\BOOKMARK [2][]{subsection.5.5.6}{5.5.6 Discusi\363n y an\341lisis}{section.5.5}% 57
\BOOKMARK [0][]{chapter.6}{6 Conclusiones y trabajo futuro}{}% 58
\BOOKMARK [1][]{section.6.1}{6.1 Conclusiones}{chapter.6}% 59
\BOOKMARK [2][]{subsection.6.1.1}{6.1.1 Alcance}{section.6.1}% 60
\BOOKMARK [2][]{subsection.6.1.2}{6.1.2 Amenazas a la validez}{section.6.1}% 61
\BOOKMARK [1][]{section.6.2}{6.2 Contribuciones}{chapter.6}% 62
\BOOKMARK [1][]{section.6.3}{6.3 Trabajo futuro}{chapter.6}% 63
\BOOKMARK [0][]{chapter.7}{7 Conclusions and future work}{}% 64
\BOOKMARK [1][]{section.7.1}{7.1 Conclusions}{chapter.7}% 65
\BOOKMARK [2][]{subsection.7.1.1}{7.1.1 Scope}{section.7.1}% 66
\BOOKMARK [2][]{subsection.7.1.2}{7.1.2 Threats to validity}{section.7.1}% 67
\BOOKMARK [1][]{section.7.2}{7.2 Contributions}{chapter.7}% 68
\BOOKMARK [1][]{section.7.3}{7.3 Future work}{chapter.7}% 69
\BOOKMARK [0][]{appendix.A}{A Cuestionario de indicadores}{}% 70
\BOOKMARK [1][]{section.A.1}{A.1 Cuestionario}{appendix.A}% 71
\BOOKMARK [1][]{section.A.2}{A.2 Resultados}{appendix.A}% 72
\BOOKMARK [2][]{subsection.A.2.1}{A.2.1 Distribuci\363n}{section.A.2}% 73
\BOOKMARK [2][]{subsection.A.2.2}{A.2.2 Indicadores de participaci\363n y de contribuci\363n}{section.A.2}% 74
\BOOKMARK [2][]{subsection.A.2.3}{A.2.3 Caso de evaluaci\363n de competencias gen\351ricas}{section.A.2}% 75
\BOOKMARK [3][]{subsubsection.A.2.3.1}{A.2.3.1 Conocimientos de programaci\363n}{subsection.A.2.3}% 76
\BOOKMARK [3][]{subsubsection.A.2.3.2}{A.2.3.2 Perfil}{subsection.A.2.3}% 77
\BOOKMARK [3][]{subsubsection.A.2.3.3}{A.2.3.3 Comentarios}{subsection.A.2.3}% 78
\BOOKMARK [0][]{appendix.B}{B Cuestionario complementario de la Actuaci\363n Avalada}{}% 79
\BOOKMARK [1][]{section.B.1}{B.1 Cuestionario}{appendix.B}% 80
\BOOKMARK [1][]{section.B.2}{B.2 Resultados}{appendix.B}% 81
\BOOKMARK [0][]{appendix.C}{C Evaluaci\363n del m\351todo de evaluaci\363n \(DBA\) y del lenguaje para dise\361ar evaluaciones \(SASQL\)}{}% 82
\BOOKMARK [1][]{section.C.1}{C.1 Cuestionario}{appendix.C}% 83
\BOOKMARK [1][]{section.C.2}{C.2 Resultados}{appendix.C}% 84
\BOOKMARK [2][]{subsection.C.2.1}{C.2.1 Participantes}{section.C.2}% 85
\BOOKMARK [2][]{subsection.C.2.2}{C.2.2 Evaluaci\363n del m\351todo DBA}{section.C.2}% 86
\BOOKMARK [2][]{subsection.C.2.3}{C.2.3 Evaluaci\363n del DSL}{section.C.2}% 87
\BOOKMARK [2][]{subsection.C.2.4}{C.2.4 Evaluaci\363n de la sintaxis del DSL \(consulta tipo\)}{section.C.2}% 88
\BOOKMARK [2][]{subsection.C.2.5}{C.2.5 Evaluaci\363n de los resultados}{section.C.2}% 89
\BOOKMARK [0][]{appendix.D}{D Listado de competencias gen\351ricas}{}% 90
\BOOKMARK [0][]{appendix*.200}{Bibliograf\355a}{}% 91
